<?xml version="1.0" encoding="UTF-8"?>
<testsuite name="com.siyoung.admin.web.PostsApiControllerTest" tests="2" skipped="0" failures="0" errors="0" timestamp="2020-01-10T11:22:31" hostname="gimsiyecBookPro" time="0.288">
  <properties/>
  <testcase name="Posts_등록된다" classname="com.siyoung.admin.web.PostsApiControllerTest" time="0.228"/>
  <testcase name="Posts_수정된다" classname="com.siyoung.admin.web.PostsApiControllerTest" time="0.059"/>
  <system-out><![CDATA[2020-01-10 20:22:31.420  INFO 3970 --- [    Test worker] .b.t.c.SpringBootTestContextBootstrapper : Neither @ContextConfiguration nor @ContextHierarchy found for test class [com.siyoung.admin.web.PostsApiControllerTest], using SpringBootContextLoader
2020-01-10 20:22:31.421  INFO 3970 --- [    Test worker] o.s.t.c.support.AbstractContextLoader    : Could not detect default resource locations for test class [com.siyoung.admin.web.PostsApiControllerTest]: no resource found for suffixes {-context.xml, Context.groovy}.
2020-01-10 20:22:31.421  INFO 3970 --- [    Test worker] t.c.s.AnnotationConfigContextLoaderUtils : Could not detect default configuration classes for test class [com.siyoung.admin.web.PostsApiControllerTest]: PostsApiControllerTest does not declare any static, non-private, non-final, nested classes annotated with @Configuration.
2020-01-10 20:22:31.423  INFO 3970 --- [    Test worker] .b.t.c.SpringBootTestContextBootstrapper : Found @SpringBootConfiguration com.siyoung.admin.Application for test class com.siyoung.admin.web.PostsApiControllerTest
2020-01-10 20:22:31.424  INFO 3970 --- [    Test worker] .b.t.c.SpringBootTestContextBootstrapper : Loaded default TestExecutionListener class names from location [META-INF/spring.factories]: [org.springframework.security.test.context.support.WithSecurityContextTestExecutionListener, org.springframework.security.test.context.support.ReactorContextTestExecutionListener, org.springframework.boot.test.autoconfigure.restdocs.RestDocsTestExecutionListener, org.springframework.boot.test.autoconfigure.web.client.MockRestServiceServerResetTestExecutionListener, org.springframework.boot.test.autoconfigure.web.servlet.MockMvcPrintOnlyOnFailureTestExecutionListener, org.springframework.boot.test.autoconfigure.web.servlet.WebDriverTestExecutionListener, org.springframework.boot.test.mock.mockito.MockitoTestExecutionListener, org.springframework.boot.test.mock.mockito.ResetMocksTestExecutionListener, org.springframework.test.context.web.ServletTestExecutionListener, org.springframework.test.context.support.DirtiesContextBeforeModesTestExecutionListener, org.springframework.test.context.support.DependencyInjectionTestExecutionListener, org.springframework.test.context.support.DirtiesContextTestExecutionListener, org.springframework.test.context.transaction.TransactionalTestExecutionListener, org.springframework.test.context.jdbc.SqlScriptsTestExecutionListener]
2020-01-10 20:22:31.425  INFO 3970 --- [    Test worker] .b.t.c.SpringBootTestContextBootstrapper : Using TestExecutionListeners: [org.springframework.test.context.web.ServletTestExecutionListener@5a0ce45f, org.springframework.test.context.support.DirtiesContextBeforeModesTestExecutionListener@62345f0b, org.springframework.boot.test.mock.mockito.MockitoTestExecutionListener@26492d4b, org.springframework.boot.test.autoconfigure.SpringBootDependencyInjectionTestExecutionListener@eaa1d62, org.springframework.test.context.support.DirtiesContextTestExecutionListener@33b92ef4, org.springframework.test.context.transaction.TransactionalTestExecutionListener@7335e38f, org.springframework.test.context.jdbc.SqlScriptsTestExecutionListener@1cf9bbd7, org.springframework.security.test.context.support.WithSecurityContextTestExecutionListener@42e6e427, org.springframework.security.test.context.support.ReactorContextTestExecutionListener@38d2bc01, org.springframework.boot.test.autoconfigure.restdocs.RestDocsTestExecutionListener@6427090f, org.springframework.boot.test.autoconfigure.web.client.MockRestServiceServerResetTestExecutionListener@3551315f, org.springframework.boot.test.autoconfigure.web.servlet.MockMvcPrintOnlyOnFailureTestExecutionListener@40633c0e, org.springframework.boot.test.autoconfigure.web.servlet.WebDriverTestExecutionListener@6dfcb2b7, org.springframework.boot.test.mock.mockito.ResetMocksTestExecutionListener@314fb176]
2020-01-10 20:22:31.434  INFO 3970 --- [    Test worker] o.a.c.c.C.[Tomcat].[localhost].[/]       : Initializing Spring TestDispatcherServlet ''
2020-01-10 20:22:31.435  INFO 3970 --- [    Test worker] o.s.t.web.servlet.TestDispatcherServlet  : Initializing Servlet ''
2020-01-10 20:22:31.439  INFO 3970 --- [    Test worker] o.s.t.web.servlet.TestDispatcherServlet  : Completed initialization in 4 ms
Hibernate: insert into posts (created_date, modified_date, author, content, title) values (?, ?, ?, ?, ?)
Hibernate: select posts0_.id as id1_0_, posts0_.created_date as created_2_0_, posts0_.modified_date as modified3_0_, posts0_.author as author4_0_, posts0_.content as content5_0_, posts0_.title as title6_0_ from posts posts0_
Hibernate: select posts0_.id as id1_0_, posts0_.created_date as created_2_0_, posts0_.modified_date as modified3_0_, posts0_.author as author4_0_, posts0_.content as content5_0_, posts0_.title as title6_0_ from posts posts0_
Hibernate: delete from posts where id=?
2020-01-10 20:22:31.661  INFO 3970 --- [    Test worker] o.a.c.c.C.[Tomcat].[localhost].[/]       : Initializing Spring TestDispatcherServlet ''
2020-01-10 20:22:31.661  INFO 3970 --- [    Test worker] o.s.t.web.servlet.TestDispatcherServlet  : Initializing Servlet ''
2020-01-10 20:22:31.665  INFO 3970 --- [    Test worker] o.s.t.web.servlet.TestDispatcherServlet  : Completed initialization in 3 ms
Hibernate: insert into posts (created_date, modified_date, author, content, title) values (?, ?, ?, ?, ?)
Hibernate: select posts0_.id as id1_0_0_, posts0_.created_date as created_2_0_0_, posts0_.modified_date as modified3_0_0_, posts0_.author as author4_0_0_, posts0_.content as content5_0_0_, posts0_.title as title6_0_0_ from posts posts0_ where posts0_.id=?
Hibernate: update posts set created_date=?, modified_date=?, author=?, content=?, title=? where id=?
Hibernate: select posts0_.id as id1_0_, posts0_.created_date as created_2_0_, posts0_.modified_date as modified3_0_, posts0_.author as author4_0_, posts0_.content as content5_0_, posts0_.title as title6_0_ from posts posts0_
Hibernate: select posts0_.id as id1_0_, posts0_.created_date as created_2_0_, posts0_.modified_date as modified3_0_, posts0_.author as author4_0_, posts0_.content as content5_0_, posts0_.title as title6_0_ from posts posts0_
Hibernate: delete from posts where id=?
]]></system-out>
  <system-err><![CDATA[]]></system-err>
</testsuite>
